DEBUG;2021-01-11 01:15:20;trainer.py;trainer;228;Treinando modelo LogisticRegression
DEBUG;2021-01-11 01:15:20;trainer.py;trainer;240;Aplicando RandomizedSearchCV
DEBUG;2021-01-11 01:15:23;trainer.py;trainer;228;Treinando modelo DecisionTrees
DEBUG;2021-01-11 01:15:23;trainer.py;trainer;240;Aplicando RandomizedSearchCV
DEBUG;2021-01-11 01:15:23;trainer.py;trainer;228;Treinando modelo RandomForest
DEBUG;2021-01-11 01:15:23;trainer.py;trainer;240;Aplicando RandomizedSearchCV
DEBUG;2021-01-11 01:16:29;trainer.py;trainer;228;Treinando modelo LogisticRegression
DEBUG;2021-01-11 01:16:29;trainer.py;trainer;240;Aplicando RandomizedSearchCV
DEBUG;2021-01-11 01:16:32;trainer.py;trainer;228;Treinando modelo DecisionTrees
DEBUG;2021-01-11 01:16:32;trainer.py;trainer;240;Aplicando RandomizedSearchCV
DEBUG;2021-01-11 01:16:32;trainer.py;trainer;228;Treinando modelo RandomForest
DEBUG;2021-01-11 01:16:32;trainer.py;trainer;240;Aplicando RandomizedSearchCV
DEBUG;2021-01-11 01:16:36;trainer.py;trainer;292;Computando métricas do modelo LogisticRegression utilizando validação cruzada com 5 K-folds
INFO;2021-01-11 01:16:36;trainer.py;trainer;324;Métricas computadas com sucesso nos dados de treino em 0.097 segundos
DEBUG;2021-01-11 01:16:36;trainer.py;trainer;357;Computando métricas do modelo LogisticRegression utilizando dados de teste
INFO;2021-01-11 01:16:36;trainer.py;trainer;386;Métricas computadas com sucesso nos dados de teste em 0.003 segundos
DEBUG;2021-01-11 01:16:36;trainer.py;trainer;292;Computando métricas do modelo DecisionTrees utilizando validação cruzada com 5 K-folds
INFO;2021-01-11 01:16:37;trainer.py;trainer;324;Métricas computadas com sucesso nos dados de treino em 0.052 segundos
DEBUG;2021-01-11 01:16:37;trainer.py;trainer;357;Computando métricas do modelo DecisionTrees utilizando dados de teste
INFO;2021-01-11 01:16:37;trainer.py;trainer;386;Métricas computadas com sucesso nos dados de teste em 0.003 segundos
DEBUG;2021-01-11 01:16:37;trainer.py;trainer;292;Computando métricas do modelo RandomForest utilizando validação cruzada com 5 K-folds
INFO;2021-01-11 01:16:53;trainer.py;trainer;324;Métricas computadas com sucesso nos dados de treino em 16.926 segundos
DEBUG;2021-01-11 01:16:53;trainer.py;trainer;357;Computando métricas do modelo RandomForest utilizando dados de teste
INFO;2021-01-11 01:16:54;trainer.py;trainer;386;Métricas computadas com sucesso nos dados de teste em 0.089 segundos
DEBUG;2021-01-11 01:17:08;trainer.py;trainer;228;Treinando modelo LogisticRegression
DEBUG;2021-01-11 01:17:08;trainer.py;trainer;240;Aplicando RandomizedSearchCV
DEBUG;2021-01-11 01:17:11;trainer.py;trainer;228;Treinando modelo DecisionTrees
DEBUG;2021-01-11 01:17:11;trainer.py;trainer;240;Aplicando RandomizedSearchCV
DEBUG;2021-01-11 01:17:11;trainer.py;trainer;228;Treinando modelo RandomForest
DEBUG;2021-01-11 01:17:11;trainer.py;trainer;240;Aplicando RandomizedSearchCV
DEBUG;2021-01-11 01:17:15;trainer.py;trainer;292;Computando métricas do modelo LogisticRegression utilizando validação cruzada com 5 K-folds
INFO;2021-01-11 01:17:15;trainer.py;trainer;324;Métricas computadas com sucesso nos dados de treino em 0.106 segundos
DEBUG;2021-01-11 01:17:15;trainer.py;trainer;357;Computando métricas do modelo LogisticRegression utilizando dados de teste
INFO;2021-01-11 01:17:15;trainer.py;trainer;386;Métricas computadas com sucesso nos dados de teste em 0.003 segundos
DEBUG;2021-01-11 01:17:15;trainer.py;trainer;292;Computando métricas do modelo DecisionTrees utilizando validação cruzada com 5 K-folds
INFO;2021-01-11 01:17:15;trainer.py;trainer;324;Métricas computadas com sucesso nos dados de treino em 0.042 segundos
DEBUG;2021-01-11 01:17:15;trainer.py;trainer;357;Computando métricas do modelo DecisionTrees utilizando dados de teste
INFO;2021-01-11 01:17:15;trainer.py;trainer;386;Métricas computadas com sucesso nos dados de teste em 0.002 segundos
DEBUG;2021-01-11 01:17:15;trainer.py;trainer;292;Computando métricas do modelo RandomForest utilizando validação cruzada com 5 K-folds
INFO;2021-01-11 01:17:35;trainer.py;trainer;324;Métricas computadas com sucesso nos dados de treino em 19.288 segundos
DEBUG;2021-01-11 01:17:35;trainer.py;trainer;357;Computando métricas do modelo RandomForest utilizando dados de teste
INFO;2021-01-11 01:17:35;trainer.py;trainer;386;Métricas computadas com sucesso nos dados de teste em 0.122 segundos
DEBUG;2021-01-11 01:18:09;trainer.py;trainer;228;Treinando modelo LogisticRegression
DEBUG;2021-01-11 01:18:09;trainer.py;trainer;240;Aplicando RandomizedSearchCV
DEBUG;2021-01-11 01:18:12;trainer.py;trainer;228;Treinando modelo DecisionTrees
DEBUG;2021-01-11 01:18:12;trainer.py;trainer;240;Aplicando RandomizedSearchCV
DEBUG;2021-01-11 01:18:12;trainer.py;trainer;228;Treinando modelo RandomForest
DEBUG;2021-01-11 01:18:12;trainer.py;trainer;240;Aplicando RandomizedSearchCV
DEBUG;2021-01-11 01:18:16;trainer.py;trainer;292;Computando métricas do modelo LogisticRegression utilizando validação cruzada com 5 K-folds
INFO;2021-01-11 01:18:16;trainer.py;trainer;324;Métricas computadas com sucesso nos dados de treino em 0.12 segundos
DEBUG;2021-01-11 01:18:16;trainer.py;trainer;357;Computando métricas do modelo LogisticRegression utilizando dados de teste
INFO;2021-01-11 01:18:16;trainer.py;trainer;386;Métricas computadas com sucesso nos dados de teste em 0.003 segundos
DEBUG;2021-01-11 01:18:16;trainer.py;trainer;292;Computando métricas do modelo DecisionTrees utilizando validação cruzada com 5 K-folds
INFO;2021-01-11 01:18:16;trainer.py;trainer;324;Métricas computadas com sucesso nos dados de treino em 0.048 segundos
DEBUG;2021-01-11 01:18:16;trainer.py;trainer;357;Computando métricas do modelo DecisionTrees utilizando dados de teste
INFO;2021-01-11 01:18:16;trainer.py;trainer;386;Métricas computadas com sucesso nos dados de teste em 0.003 segundos
DEBUG;2021-01-11 01:18:16;trainer.py;trainer;292;Computando métricas do modelo RandomForest utilizando validação cruzada com 5 K-folds
INFO;2021-01-11 01:18:33;trainer.py;trainer;324;Métricas computadas com sucesso nos dados de treino em 16.527 segundos
DEBUG;2021-01-11 01:18:33;trainer.py;trainer;357;Computando métricas do modelo RandomForest utilizando dados de teste
INFO;2021-01-11 01:18:33;trainer.py;trainer;386;Métricas computadas com sucesso nos dados de teste em 0.087 segundos
DEBUG;2021-01-11 01:18:33;trainer.py;trainer;624;Iniciando plotagem gráfica das métricas dos classificadores
DEBUG;2021-01-11 01:18:33;trainer.py;trainer;628;Retornando métricas via validação cruzada para o modelo LogisticRegression
DEBUG;2021-01-11 01:18:33;trainer.py;trainer;628;Retornando métricas via validação cruzada para o modelo DecisionTrees
DEBUG;2021-01-11 01:18:33;trainer.py;trainer;628;Retornando métricas via validação cruzada para o modelo RandomForest
DEBUG;2021-01-11 01:18:46;trainer.py;trainer;655;Modificando DataFrame de métricas para plotagem gráfica
DEBUG;2021-01-11 01:18:46;trainer.py;trainer;668;Plotando análise gráfica das métricas para os modelos treinados
